#
# There is insufficient memory for the Java Runtime Environment to continue.
# Native memory allocation (mmap) failed to map 65011712 bytes. Error detail: G1 virtual space
# Possible reasons:
#   The system is out of physical RAM or swap space
#   This process is running with CompressedOops enabled, and the Java Heap may be blocking the growth of the native heap
# Possible solutions:
#   Reduce memory load on the system
#   Increase physical memory or swap space
#   Check if swap backing store is full
#   Decrease Java heap size (-Xmx/-Xms)
#   Decrease number of Java threads
#   Decrease Java thread stack sizes (-Xss)
#   Set larger code cache with -XX:ReservedCodeCacheSize=
#   JVM is running with Unscaled Compressed Oops mode in which the Java heap is
#     placed in the first 4GB address space. The Java Heap base address is the
#     maximum limit for the native heap growth. Please use -XX:HeapBaseMinAddress
#     to set the Java Heap base and to place the Java Heap above 4GB virtual address.
# This output file may be truncated or incomplete.
#
#  Out of Memory Error (os_windows.cpp:3707), pid=15420, tid=26064
#
# JRE version:  (23.0.2+7) (build )
# Java VM: Java HotSpot(TM) 64-Bit Server VM (23.0.2+7-58, mixed mode, sharing, tiered, compressed oops, compressed class ptrs, g1 gc, windows-amd64)
# No core dump will be written. Minidumps are not enabled by default on client versions of Windows
#

---------------  S U M M A R Y ------------

Command Line: -Dclassworlds.conf=C:\Program Files\NetBeans-25\netbeans\java\maven\bin\m2.conf -Dmaven.home=C:\Program Files\NetBeans-25\netbeans\java\maven -Dlibrary.jansi.path=C:\Program Files\NetBeans-25\netbeans\java\maven\lib\jansi-native -Dmaven.multiModuleProjectDirectory=C:\Users\leroy\Documents\NetBeansProjects\NorthwindGUI org.codehaus.plexus.classworlds.launcher.Launcher -Dexec.vmArgs= -Dexec.args=${exec.vmArgs} -classpath %classpath ${exec.mainClass} ${exec.appArgs} -Dexec.executable=C:\Program Files\Java\jdk-23\bin\java.exe -Dexec.mainClass=com.mycompany.northwindgui.TestConnection -Dexec.classpathScope=runtime -Dexec.appArgs= -Dmaven.ext.class.path=C:\Program Files\NetBeans-25\netbeans\java\maven-nblib\netbeans-eventspy.jar --no-transfer-progress process-classes org.codehaus.mojo:exec-maven-plugin:3.1.0:exec

Host: Intel(R) Celeron(R) N4020 CPU @ 1.10GHz, 2 cores, 3G,  Windows 11 , 64 bit Build 22621 (10.0.22621.4830)
Time: Sun Apr 20 00:28:42 2025 South Africa Standard Time elapsed time: 0.294307 seconds (0d 0h 0m 0s)

---------------  T H R E A D  ---------------

Current thread (0x000001871d9b26f0):  JavaThread "Unknown thread" [_thread_in_vm, id=26064, stack(0x0000003a01300000,0x0000003a01400000) (1024K)]

Stack: [0x0000003a01300000,0x0000003a01400000]
Native frames: (J=compiled Java code, j=interpreted, Vv=VM code, C=native code)
V  [jvm.dll+0x6e0b99]  (no source info available)
V  [jvm.dll+0x87e2b3]  (no source info available)
V  [jvm.dll+0x88073e]  (no source info available)
V  [jvm.dll+0x880e13]  (no source info available)
V  [jvm.dll+0x27b006]  (no source info available)
V  [jvm.dll+0x6dd485]  (no source info available)
V  [jvm.dll+0x6d127a]  (no source info available)
V  [jvm.dll+0x35b50a]  (no source info available)
V  [jvm.dll+0x363916]  (no source info available)
V  [jvm.dll+0x34fe7e]  (no source info available)
V  [jvm.dll+0x350118]  (no source info available)
V  [jvm.dll+0x328aec]  (no source info available)
V  [jvm.dll+0x32978e]  (no source info available)
V  [jvm.dll+0x8449a5]  (no source info available)
V  [jvm.dll+0x3b9a08]  (no source info available)
V  [jvm.dll+0x82d68c]  (no source info available)
V  [jvm.dll+0x454f2e]  (no source info available)
V  [jvm.dll+0x456db1]  (no source info available)
C  [jli.dll+0x52a3]  (no source info available)
C  [ucrtbase.dll+0x29333]  (no source info available)
C  [KERNEL32.DLL+0x1259d]  (no source info available)
C  [ntdll.dll+0x5af38]  (no source info available)

Lock stack of current Java thread (top to bottom):


---------------  P R O C E S S  ---------------

Threads class SMR info:
_java_thread_list=0x00007ffb98874618, length=0, elements={
}

Java Threads: ( => current thread )
Total: 0

Other Threads:
  0x000001871fbbc090 WorkerThread "GC Thread#0"                     [id=5080, stack(0x0000003a01500000,0x0000003a01600000) (1024K)]
  0x000001871fbc7920 ConcurrentGCThread "G1 Main Marker"            [id=21224, stack(0x0000003a01600000,0x0000003a01700000) (1024K)]
  0x000001871fbc8d60 WorkerThread "G1 Conc#0"                       [id=7056, stack(0x0000003a01700000,0x0000003a01800000) (1024K)]

[error occurred during error reporting (printing all threads), id 0xc0000005, EXCEPTION_ACCESS_VIOLATION (0xc0000005) at pc=0x00007ffb97fbc0da]
VM state: not at safepoint (not fully initialized)

VM Mutex/Monitor currently owned by a thread:  ([mutex/lock_event])
[0x00007ffb988f4988] Heap_lock - owner thread: 0x000001871d9b26f0

Heap address: 0x00000000c2c00000, size: 980 MB, Compressed Oops mode: 32-bit

CDS archive(s) mapped at: [0x0000000000000000-0x0000000000000000-0x0000000000000000), size 0, SharedBaseAddress: 0x0000000800000000, ArchiveRelocationMode: 1.
Narrow klass base: 0x0000000000000000, Narrow klass shift: 0, Narrow klass range: 0x0

GC Precious Log:
 CardTable entry size: 512
 Card Set container configuration: InlinePtr #cards 5 size 8 Array Of Cards #cards 10 size 36 Howl #buckets 4 coarsen threshold 1843 Howl Bitmap #cards 512 size 80 coarsen threshold 460 Card regions per heap region 1 cards per card region 2048

Heap:
 garbage-first heap   total reserved 1003520K, committed 0K, used 0K [0x00000000c2c00000, 0x0000000100000000)
  region size 1024K, 0 young (0K), 0 survivors (0K)

[error occurred during error reporting (printing heap information), id 0xc0000005, EXCEPTION_ACCESS_VIOLATION (0xc0000005) at pc=0x00007ffb983bc6a9]
GC Heap History (0 events):
No events

Dll operation events (1 events):
Event: 0.155 Loaded shared library C:\Program Files\Java\jdk-23\bin\java.dll

Deoptimization events (0 events):
No events

Classes loaded (0 events):
No events

Classes unloaded (0 events):
No events

Classes redefined (0 events):
No events

Internal exceptions (0 events):
No events

VM Operations (0 events):
No events

Memory protections (0 events):
No events

Nmethod flushes (0 events):
No events

Events (0 events):
No events


Dynamic libraries:
0x00007ff794d70000 - 0x00007ff794d80000 	C:\Program Files\Java\jdk-23\bin\java.exe
0x00007ffc127f0000 - 0x00007ffc12a07000 	C:\WINDOWS\SYSTEM32\ntdll.dll
0x00007ffbc69d0000 - 0x00007ffbc69ea000 	C:\Program Files\Avast Software\Avast\aswhook.dll
0x00007ffc10640000 - 0x00007ffc10704000 	C:\WINDOWS\System32\KERNEL32.DLL
0x00007ffc0ffd0000 - 0x00007ffc103a0000 	C:\WINDOWS\System32\KERNELBASE.dll
0x00007ffc0fd30000 - 0x00007ffc0fe41000 	C:\WINDOWS\System32\ucrtbase.dll
0x00007ffbf7db0000 - 0x00007ffbf7dc7000 	C:\Program Files\Java\jdk-23\bin\jli.dll
0x00007ffc112d0000 - 0x00007ffc1147e000 	C:\WINDOWS\System32\USER32.dll
0x00007ffc0ff20000 - 0x00007ffc0ff46000 	C:\WINDOWS\System32\win32u.dll
0x00007ffc12300000 - 0x00007ffc12329000 	C:\WINDOWS\System32\GDI32.dll
0x00007ffc0faa0000 - 0x00007ffc0fbbb000 	C:\WINDOWS\System32\gdi32full.dll
0x00007ffc0fe50000 - 0x00007ffc0feea000 	C:\WINDOWS\System32\msvcp_win.dll
0x00007ffbfcf20000 - 0x00007ffbfcf3b000 	C:\Program Files\Java\jdk-23\bin\VCRUNTIME140.dll
0x00007ffbfde40000 - 0x00007ffbfe0d2000 	C:\WINDOWS\WinSxS\amd64_microsoft.windows.common-controls_6595b64144ccf1df_6.0.22621.4830_none_270fe7d773858e80\COMCTL32.dll
0x00007ffc10fa0000 - 0x00007ffc11047000 	C:\WINDOWS\System32\msvcrt.dll
0x00007ffc122c0000 - 0x00007ffc122f1000 	C:\WINDOWS\System32\IMM32.DLL
0x00007ffbfcb70000 - 0x00007ffbfcb7c000 	C:\Program Files\Java\jdk-23\bin\vcruntime140_1.dll
0x00007ffbbe580000 - 0x00007ffbbe60e000 	C:\Program Files\Java\jdk-23\bin\msvcp140.dll
0x00007ffb97c80000 - 0x00007ffb989d0000 	C:\Program Files\Java\jdk-23\bin\server\jvm.dll
0x00007ffc11210000 - 0x00007ffc112c1000 	C:\WINDOWS\System32\ADVAPI32.dll
0x00007ffc10710000 - 0x00007ffc107b7000 	C:\WINDOWS\System32\sechost.dll
0x00007ffc0fef0000 - 0x00007ffc0ff18000 	C:\WINDOWS\System32\bcrypt.dll
0x00007ffc117a0000 - 0x00007ffc118b4000 	C:\WINDOWS\System32\RPCRT4.dll
0x00007ffc10980000 - 0x00007ffc109f1000 	C:\WINDOWS\System32\WS2_32.dll
0x00007ffc0f7c0000 - 0x00007ffc0f80d000 	C:\WINDOWS\SYSTEM32\POWRPROF.dll
0x00007ffc08cf0000 - 0x00007ffc08d24000 	C:\WINDOWS\SYSTEM32\WINMM.dll
0x00007ffc08c10000 - 0x00007ffc08c1a000 	C:\WINDOWS\SYSTEM32\VERSION.dll
0x00007ffc0f7a0000 - 0x00007ffc0f7b3000 	C:\WINDOWS\SYSTEM32\UMPDC.dll
0x00007ffc0eab0000 - 0x00007ffc0eac8000 	C:\WINDOWS\SYSTEM32\kernel.appcore.dll
0x00007ffbfcb30000 - 0x00007ffbfcb3a000 	C:\Program Files\Java\jdk-23\bin\jimage.dll
0x00007ffc0d670000 - 0x00007ffc0d8a2000 	C:\WINDOWS\SYSTEM32\DBGHELP.DLL
0x00007ffc10a50000 - 0x00007ffc10de0000 	C:\WINDOWS\System32\combase.dll
0x00007ffc10800000 - 0x00007ffc108d7000 	C:\WINDOWS\System32\OLEAUT32.dll
0x00007ffbfe870000 - 0x00007ffbfe8a2000 	C:\WINDOWS\SYSTEM32\dbgcore.DLL
0x00007ffc103a0000 - 0x00007ffc1041b000 	C:\WINDOWS\System32\bcryptPrimitives.dll
0x00007ffbf8f00000 - 0x00007ffbf8f1e000 	C:\Program Files\Java\jdk-23\bin\java.dll
0x00007ffc10de0000 - 0x00007ffc10f81000 	C:\WINDOWS\System32\ole32.dll
0x00007ffc11a40000 - 0x00007ffc122b8000 	C:\WINDOWS\System32\SHELL32.dll

dbghelp: loaded successfully - version: 4.0.5 - missing functions: none
symbol engine: initialized successfully - sym options: 0x614 - pdb path: .;C:\Program Files\Java\jdk-23\bin;C:\WINDOWS\SYSTEM32;C:\Program Files\Avast Software\Avast;C:\WINDOWS\WinSxS\amd64_microsoft.windows.common-controls_6595b64144ccf1df_6.0.22621.4830_none_270fe7d773858e80;C:\Program Files\Java\jdk-23\bin\server

VM Arguments:
jvm_args: -Dclassworlds.conf=C:\Program Files\NetBeans-25\netbeans\java\maven\bin\m2.conf -Dmaven.home=C:\Program Files\NetBeans-25\netbeans\java\maven -Dlibrary.jansi.path=C:\Program Files\NetBeans-25\netbeans\java\maven\lib\jansi-native -Dmaven.multiModuleProjectDirectory=C:\Users\leroy\Documents\NetBeansProjects\NorthwindGUI 
java_command: org.codehaus.plexus.classworlds.launcher.Launcher -Dexec.vmArgs= -Dexec.args=${exec.vmArgs} -classpath %classpath ${exec.mainClass} ${exec.appArgs} -Dexec.executable=C:\Program Files\Java\jdk-23\bin\java.exe -Dexec.mainClass=com.mycompany.northwindgui.TestConnection -Dexec.classpathScope=runtime -Dexec.appArgs= -Dmaven.ext.class.path=C:\Program Files\NetBeans-25\netbeans\java\maven-nblib\netbeans-eventspy.jar --no-transfer-progress process-classes org.codehaus.mojo:exec-maven-plugin:3.1.0:exec
java_class_path (initial): C:\Program Files\NetBeans-25\netbeans\java\maven\boot\plexus-classworlds-2.8.0.jar
Launcher Type: SUN_STANDARD

[Global flags]
     intx CICompilerCount                          = 2                                         {product} {ergonomic}
     uint ConcGCThreads                            = 1                                         {product} {ergonomic}
     uint G1ConcRefinementThreads                  = 2                                         {product} {ergonomic}
   size_t G1HeapRegionSize                         = 1048576                                   {product} {ergonomic}
   size_t InitialHeapSize                          = 65011712                                  {product} {ergonomic}
   size_t MarkStackSize                            = 4194304                                   {product} {ergonomic}
   size_t MarkStackSizeMax                         = 536870912                                 {product} {ergonomic}
   size_t MaxHeapSize                              = 1027604480                                {product} {ergonomic}
   size_t MinHeapDeltaBytes                        = 1048576                                   {product} {ergonomic}
   size_t MinHeapSize                              = 8388608                                   {product} {ergonomic}
    uintx NonNMethodCodeHeapSize                   = 5767168                                {pd product} {ergonomic}
    uintx NonProfiledCodeHeapSize                  = 123011072                              {pd product} {ergonomic}
    uintx ProfiledCodeHeapSize                     = 122880000                              {pd product} {ergonomic}
    uintx ReservedCodeCacheSize                    = 251658240                              {pd product} {ergonomic}
     bool SegmentedCodeCache                       = true                                      {product} {ergonomic}
   size_t SoftMaxHeapSize                          = 1027604480                             {manageable} {ergonomic}
     bool UseCompressedOops                        = true                           {product lp64_product} {ergonomic}
     bool UseG1GC                                  = true                                      {product} {ergonomic}
     bool UseLargePagesIndividualAllocation        = false                                  {pd product} {ergonomic}

Logging:
Log output configuration:
 #0: stdout all=warning uptime,level,tags foldmultilines=false
 #1: stderr all=off uptime,level,tags foldmultilines=false

Environment Variables:
JAVA_HOME=C:\Program Files\Java\jdk-23
PATH=C:\Program Files\Common Files\Oracle\Java\javapath;C:\Program Files (x86)\Common Files\Oracle\Java\java8path;C:\WINDOWS\system32;C:\WINDOWS;C:\WINDOWS\System32\Wbem;C:\WINDOWS\System32\WindowsPowerShell\v1.0\;C:\WINDOWS\System32\OpenSSH\;C:\Program Files\nodejs\;C:\Program Files\Git\cmd;C:\Program Files (x86)\Java\jre1.8.0_441\bin;C:\Users\leroy\AppData\Local\Microsoft\WindowsApps;C:\Users\leroy\AppData\Local\Programs\Microsoft VS Code\bin;C:\msys64\ucrt64\bin;C:\Users\leroy\AppData\Roaming\npm;C:\Users\leroy\AppData\Local\GitHubDesktop\bin
USERNAME=leroy
OS=Windows_NT
PROCESSOR_IDENTIFIER=Intel64 Family 6 Model 122 Stepping 8, GenuineIntel
TMP=C:\Users\leroy\AppData\Local\Temp
TEMP=C:\Users\leroy\AppData\Local\Temp




Periodic native trim disabled

---------------  S Y S T E M  ---------------

OS:
 Windows 11 , 64 bit Build 22621 (10.0.22621.4830)
OS uptime: 3 days 1:15 hours
Hyper-V role detected

CPU: total 2 (initial active 2) (2 cores per cpu, 1 threads per core) family 6 model 122 stepping 8 microcode 0x18, cx8, cmov, fxsr, mmx, 3dnowpref, sse, sse2, sse3, ssse3, sse4.1, sse4.2, popcnt, tsc, tscinvbit, aes, erms, clmul, sha, clflush, clflushopt, hv, rdtscp, rdpid
Processor Information for the first 2 processors :
  Max Mhz: 1101, Current Mhz: 1101, Mhz Limit: 1101

Memory: 4k page, system-wide physical 3914M (110M free)
TotalPageFile size 15690M (AvailPageFile size 61M)
current process WorkingSet (physical memory assigned to process): 12M, peak: 12M
current process commit charge ("private bytes"): 48M, peak: 110M

vm_info: Java HotSpot(TM) 64-Bit Server VM (23.0.2+7-58) for windows-amd64 JRE (23.0.2+7-58), built on 2024-11-29T09:34:55Z with MS VC++ 17.6 (VS2022)

END.
